<?xml version="1.0" encoding="UTF-8"?>
<!-- Generated by org.testng.reporters.JUnitReportReporter -->
<testsuite hostname="DESKTOP-SHL5T3G" name="Test.TestAPI" tests="2" failures="0" timestamp="24 Jun 2021 08:31:56 GMT" time="5.574" errors="0">
  <testcase name="deleteuser" time="1.993" classname="Test.TestAPI"/>
  <testcase name="getallusers" time="3.581" classname="Test.TestAPI"/>
</testsuite> <!-- Test.TestAPI -->
